<?xml version="1.0" encoding="UTF-8"?>
<!-- Generated by org.testng.reporters.JUnitReportReporter -->
<testsuite skipped="0" hostname="sathish" name="org.firsttestNGUsingMaven.A" tests="4" failures="0" timestamp="02 Feb 2020 09:16:30 GMT" time="0.015" errors="0">
  <testcase name="testOne" time="0.000" classname="org.firsttestNGUsingMaven.A"/>
  <testcase name="a" time="0.000" classname="org.firsttestNGUsingMaven.A"/>
  <testcase name="b" time="0.015" classname="org.firsttestNGUsingMaven.A"/>
  <testcase name="testThree" time="0.000" classname="org.firsttestNGUsingMaven.A"/>
</testsuite> <!-- org.firsttestNGUsingMaven.A -->
