<?xml version="1.0" encoding="UTF-8"?>
<!-- Generated by org.testng.reporters.JUnitReportReporter -->
<testsuite skipped="0" hostname="sathish" name="org.firsttestNGUsingMaven.C" tests="4" failures="0" timestamp="02 Feb 2020 03:50:11 GMT" time="0.040" errors="0">
  <testcase name="testMethodOne" time="0.028" classname="org.firsttestNGUsingMaven.C"/>
  <testcase name="testMethodOne" time="0.004" classname="org.firsttestNGUsingMaven.C"/>
  <testcase name="testMethodTwo" time="0.004" classname="org.firsttestNGUsingMaven.C"/>
  <testcase name="testMethodTwo" time="0.004" classname="org.firsttestNGUsingMaven.C"/>
</testsuite> <!-- org.firsttestNGUsingMaven.C -->
