<?xml version="1.0" encoding="UTF-8"?>
<!-- Generated by org.testng.reporters.JUnitReportReporter -->
<testsuite skipped="0" hostname="sathish" name="org.firsttestNGUsingMaven.FirstTestNGUsingMaven" tests="1" failures="0" timestamp="01 Feb 2020 05:51:57 GMT" time="4.900" errors="0">
  <testcase name="openUrl" time="4.900" classname="org.firsttestNGUsingMaven.FirstTestNGUsingMaven"/>
</testsuite> <!-- org.firsttestNGUsingMaven.FirstTestNGUsingMaven -->
