<?xml version="1.0" encoding="UTF-8"?>
<!-- Generated by org.testng.reporters.JUnitReportReporter -->
<testsuite skipped="0" hostname="sathish" name="org.firsttestNGUsingMaven.ParentClassTest" tests="2" failures="0" timestamp="01 Feb 2020 16:54:17 GMT" time="0.000" errors="0">
  <testcase name="testTwo" time="0.000" classname="org.firsttestNGUsingMaven.ParentClassTest"/>
  <testcase name="testOne" time="0.000" classname="org.firsttestNGUsingMaven.ParentClassTest"/>
</testsuite> <!-- org.firsttestNGUsingMaven.ParentClassTest -->
