<?xml version="1.0" encoding="UTF-8"?>
<!-- Generated by org.testng.reporters.JUnitReportReporter -->
<testsuite skipped="0" hostname="sathish" name="org.firsttestNGUsingMaven.B" tests="2" failures="0" timestamp="02 Feb 2020 03:10:07 GMT" time="0.060" errors="0">
  <testcase name="test1" time="0.052" classname="org.firsttestNGUsingMaven.B"/>
  <testcase name="test2" time="0.008" classname="org.firsttestNGUsingMaven.B"/>
</testsuite> <!-- org.firsttestNGUsingMaven.B -->
