<?xml version="1.0" encoding="UTF-8"?>
<!-- Generated by org.testng.reporters.JUnitReportReporter -->
<testsuite skipped="0" hostname="sathish" name="FlyusUs.FlyUsUsingTestNG" tests="4" failures="0" timestamp="31 Jan 2020 13:16:14 GMT" time="31.954" errors="0">
  <testcase name="tc1" time="5.363" classname="FlyusUs.FlyUsUsingTestNG"/>
  <testcase name="tc1" time="14.620" classname="FlyusUs.FlyUsUsingTestNG"/>
  <testcase name="tc1" time="6.505" classname="FlyusUs.FlyUsUsingTestNG"/>
  <testcase name="tc1" time="5.466" classname="FlyusUs.FlyUsUsingTestNG"/>
</testsuite> <!-- FlyusUs.FlyUsUsingTestNG -->
