<?xml version="1.0" encoding="UTF-8"?>
<!-- Generated by org.testng.reporters.JUnitReportReporter -->
<testsuite skipped="0" hostname="sathish" name="FlyusUs.SimpleTest" tests="4" failures="0" timestamp="02 Feb 2020 16:36:40 GMT" time="0.046" errors="0">
  <testcase name="testMethodOne" time="0.031" classname="FlyusUs.SimpleTest"/>
  <testcase name="testMethodOne" time="0.005" classname="FlyusUs.SimpleTest"/>
  <testcase name="testMethodTwo" time="0.006" classname="FlyusUs.SimpleTest"/>
  <testcase name="testMethodTwo" time="0.004" classname="FlyusUs.SimpleTest"/>
</testsuite> <!-- FlyusUs.SimpleTest -->
